  Aplicativo.cpp
C:\Users\KEVIN\Documents\ESTRUCTURA_DE_DATOS\CODIGO\PARCIAL3\Proyecto\Grafo\Grafo\IngresoDeDatos.h(19,14): warning C4244: 'argumento': conversión de 'wchar_t' a '_Elem'; posible pérdida de datos
          with
          [
              _Elem=char
          ]
C:\Users\KEVIN\Documents\ESTRUCTURA_DE_DATOS\CODIGO\PARCIAL3\Proyecto\Grafo\Grafo\IngresoDeDatos.h(26,14): warning C4244: 'argumento': conversión de 'wchar_t' a '_Elem'; posible pérdida de datos
          with
          [
              _Elem=char
          ]
C:\Users\KEVIN\Documents\ESTRUCTURA_DE_DATOS\CODIGO\PARCIAL3\Proyecto\Grafo\Grafo\VentanaGrafo.h(525,1): warning C4965: conversión boxing implícita de entero 0; utilice nullptr o conversión explícita
C:\Users\KEVIN\Documents\ESTRUCTURA_DE_DATOS\CODIGO\PARCIAL3\Proyecto\Grafo\Grafo\VentanaGrafo.h(528,1): warning C4965: conversión boxing implícita de entero 0; utilice nullptr o conversión explícita
C:\Users\KEVIN\Documents\ESTRUCTURA_DE_DATOS\CODIGO\PARCIAL3\Proyecto\Grafo\Grafo\VentanaGrafo.h(577,12): warning C4101: 'ingreso': variable local sin referencia
C:\Users\KEVIN\Documents\ESTRUCTURA_DE_DATOS\CODIGO\PARCIAL3\Proyecto\Grafo\Grafo\Digrafica.h(196,12): warning C4244: 'argumento': conversión de 'time_t' a 'unsigned int'; posible pérdida de datos
C:\Users\KEVIN\Documents\ESTRUCTURA_DE_DATOS\CODIGO\PARCIAL3\Proyecto\Grafo\Grafo\Digrafica.h(192): message : al compilar la función del miembro clase plantilla "int Digrafica<int>::aleatorio(int)"
C:\Users\KEVIN\Documents\ESTRUCTURA_DE_DATOS\CODIGO\PARCIAL3\Proyecto\Grafo\Grafo\Digrafica.h(175): message : Vea la referencia a la creación de una instancia de la función plantilla "int Digrafica<int>::aleatorio(int)" que se está compilando
C:\Users\KEVIN\Documents\ESTRUCTURA_DE_DATOS\CODIGO\PARCIAL3\Proyecto\Grafo\Grafo\Digrafica.h(41): message : al compilar la función del miembro clase plantilla "Digrafica<int>::Digrafica(void)"
C:\Users\KEVIN\Documents\ESTRUCTURA_DE_DATOS\CODIGO\PARCIAL3\Proyecto\Grafo\Grafo\VentanaGrafo.h(44): message : Vea la referencia a la creación de una instancia de la función plantilla "Digrafica<int>::Digrafica(void)" que se está compilando
C:\Users\KEVIN\Documents\ESTRUCTURA_DE_DATOS\CODIGO\PARCIAL3\Proyecto\Grafo\Grafo\VentanaInsertar.h(36): message : Vea la referencia a la creación de una instancia de clase plantilla "Digrafica<int>" que se está compilando
C:\Users\KEVIN\Documents\ESTRUCTURA_DE_DATOS\CODIGO\PARCIAL3\Proyecto\Grafo\Grafo\Grafica.h(186,12): warning C4244: 'argumento': conversión de 'time_t' a 'unsigned int'; posible pérdida de datos
C:\Users\KEVIN\Documents\ESTRUCTURA_DE_DATOS\CODIGO\PARCIAL3\Proyecto\Grafo\Grafo\Grafica.h(185): message : al compilar la función del miembro clase plantilla "int Grafica<int>::aleatorio(int)"
C:\Users\KEVIN\Documents\ESTRUCTURA_DE_DATOS\CODIGO\PARCIAL3\Proyecto\Grafo\Grafo\Grafica.h(171): message : Vea la referencia a la creación de una instancia de la función plantilla "int Grafica<int>::aleatorio(int)" que se está compilando
C:\Users\KEVIN\Documents\ESTRUCTURA_DE_DATOS\CODIGO\PARCIAL3\Proyecto\Grafo\Grafo\Grafica.h(44): message : al compilar la función del miembro clase plantilla "Grafica<int>::Grafica(void)"
C:\Users\KEVIN\Documents\ESTRUCTURA_DE_DATOS\CODIGO\PARCIAL3\Proyecto\Grafo\Grafo\VentanaGrafo.h(45): message : Vea la referencia a la creación de una instancia de la función plantilla "Grafica<int>::Grafica(void)" que se está compilando
C:\Users\KEVIN\Documents\ESTRUCTURA_DE_DATOS\CODIGO\PARCIAL3\Proyecto\Grafo\Grafo\VentanaInsertar.h(35): message : Vea la referencia a la creación de una instancia de clase plantilla "Grafica<int>" que se está compilando
  Aplicativo.obj : se encontró un módulo MSIL; vinculación incremental deshabilitada para MSIL; ejecutando vínculo completo
  Grafo.vcxproj -> C:\Users\KEVIN\Documents\ESTRUCTURA_DE_DATOS\CODIGO\PARCIAL3\Proyecto\Grafo\x64\Debug\Grafo.exe
