c:\users\kevin\documents\estructura_de_datos\codigo\parcial3\deberes\trabajoengrupo\proyecto\recorridos\recorridos\x64\debug\recorridos.pch
c:\users\kevin\documents\estructura_de_datos\codigo\parcial3\deberes\trabajoengrupo\proyecto\recorridos\recorridos\x64\debug\vc142.pdb
c:\users\kevin\documents\estructura_de_datos\codigo\parcial3\deberes\trabajoengrupo\proyecto\recorridos\recorridos\x64\debug\pch.obj
c:\users\kevin\documents\estructura_de_datos\codigo\parcial3\deberes\trabajoengrupo\proyecto\recorridos\recorridos\x64\debug\myform.obj
c:\users\kevin\documents\estructura_de_datos\codigo\parcial3\deberes\trabajoengrupo\proyecto\recorridos\recorridos\x64\debug\form1.obj
c:\users\kevin\documents\estructura_de_datos\codigo\parcial3\deberes\trabajoengrupo\proyecto\recorridos\recorridos\x64\debug\cppclr_winformsprojekt.obj
c:\users\kevin\documents\estructura_de_datos\codigo\parcial3\deberes\trabajoengrupo\proyecto\recorridos\recorridos\x64\debug\assemblyinfo.obj
c:\users\kevin\documents\estructura_de_datos\codigo\parcial3\deberes\trabajoengrupo\proyecto\recorridos\recorridos\x64\debug\.netframework,version=v4.7.2.assemblyattributes.obj
c:\users\kevin\documents\estructura_de_datos\codigo\parcial3\deberes\trabajoengrupo\proyecto\recorridos\x64\debug\recorridos.exe
c:\users\kevin\documents\estructura_de_datos\codigo\parcial3\deberes\trabajoengrupo\proyecto\recorridos\x64\debug\recorridos.pdb
c:\users\kevin\documents\estructura_de_datos\codigo\parcial3\deberes\trabajoengrupo\proyecto\recorridos\recorridos\x64\debug\app.res
c:\users\kevin\documents\estructura_de_datos\codigo\parcial3\deberes\trabajoengrupo\proyecto\recorridos\recorridos\x64\debug\recorridos.form1.resources
c:\users\kevin\documents\estructura_de_datos\codigo\parcial3\deberes\trabajoengrupo\proyecto\recorridos\recorridos\x64\debug\recorridos.myform.resources
c:\users\kevin\documents\estructura_de_datos\codigo\parcial3\deberes\trabajoengrupo\proyecto\recorridos\recorridos\x64\debug\recorridos.tlog\cl.command.1.tlog
c:\users\kevin\documents\estructura_de_datos\codigo\parcial3\deberes\trabajoengrupo\proyecto\recorridos\recorridos\x64\debug\recorridos.tlog\cl.read.1.tlog
c:\users\kevin\documents\estructura_de_datos\codigo\parcial3\deberes\trabajoengrupo\proyecto\recorridos\recorridos\x64\debug\recorridos.tlog\cl.write.1.tlog
c:\users\kevin\documents\estructura_de_datos\codigo\parcial3\deberes\trabajoengrupo\proyecto\recorridos\recorridos\x64\debug\recorridos.tlog\link.command.1.tlog
c:\users\kevin\documents\estructura_de_datos\codigo\parcial3\deberes\trabajoengrupo\proyecto\recorridos\recorridos\x64\debug\recorridos.tlog\link.read.1.tlog
c:\users\kevin\documents\estructura_de_datos\codigo\parcial3\deberes\trabajoengrupo\proyecto\recorridos\recorridos\x64\debug\recorridos.tlog\link.write.1.tlog
c:\users\kevin\documents\estructura_de_datos\codigo\parcial3\deberes\trabajoengrupo\proyecto\recorridos\recorridos\x64\debug\recorridos.tlog\metagen.read.1.tlog
c:\users\kevin\documents\estructura_de_datos\codigo\parcial3\deberes\trabajoengrupo\proyecto\recorridos\recorridos\x64\debug\recorridos.tlog\metagen.write.1.tlog
c:\users\kevin\documents\estructura_de_datos\codigo\parcial3\deberes\trabajoengrupo\proyecto\recorridos\recorridos\x64\debug\recorridos.tlog\rc.command.1.tlog
c:\users\kevin\documents\estructura_de_datos\codigo\parcial3\deberes\trabajoengrupo\proyecto\recorridos\recorridos\x64\debug\recorridos.tlog\rc.read.1.tlog
c:\users\kevin\documents\estructura_de_datos\codigo\parcial3\deberes\trabajoengrupo\proyecto\recorridos\recorridos\x64\debug\recorridos.tlog\rc.write.1.tlog
c:\users\kevin\documents\estructura_de_datos\codigo\parcial3\deberes\trabajoengrupo\proyecto\recorridos\recorridos\x64\debug\recorridos.tlog\recorridos.write.1u.tlog
